Traceback (most recent call last):
  File "/opt/hostedtoolcache/Python/3.12.12/x64/lib/python3.12/site-packages/jupyter_cache/executors/utils.py", line 58, in single_nb_execution
    executenb(
  File "/opt/hostedtoolcache/Python/3.12.12/x64/lib/python3.12/site-packages/nbclient/client.py", line 1319, in execute
    return NotebookClient(nb=nb, resources=resources, km=km, **kwargs).execute()
           ^^^^^^^^^^^^^^^^^^^^^^^^^^^^^^^^^^^^^^^^^^^^^^^^^^^^^^^^^^^^^^^^^^^^^
  File "/opt/hostedtoolcache/Python/3.12.12/x64/lib/python3.12/site-packages/jupyter_core/utils/__init__.py", line 165, in wrapped
    return loop.run_until_complete(inner)
           ^^^^^^^^^^^^^^^^^^^^^^^^^^^^^^
  File "/opt/hostedtoolcache/Python/3.12.12/x64/lib/python3.12/asyncio/base_events.py", line 691, in run_until_complete
    return future.result()
           ^^^^^^^^^^^^^^^
  File "/opt/hostedtoolcache/Python/3.12.12/x64/lib/python3.12/site-packages/nbclient/client.py", line 709, in async_execute
    await self.async_execute_cell(
  File "/opt/hostedtoolcache/Python/3.12.12/x64/lib/python3.12/site-packages/nbclient/client.py", line 1062, in async_execute_cell
    await self._check_raise_for_error(cell, cell_index, exec_reply)
  File "/opt/hostedtoolcache/Python/3.12.12/x64/lib/python3.12/site-packages/nbclient/client.py", line 918, in _check_raise_for_error
    raise CellExecutionError.from_cell_and_msg(cell, exec_reply_content)
nbclient.exceptions.CellExecutionError: An error occurred while executing the following cell:
------------------
def sse(a, b):
    return np.sum((y - func(x, a, b))**2)
                  
m, mint, se = nlpredict(x, y, func, sse, pars, xnew=5)
print(f'at x=5 the value is {m:1.3g} +\\- {2 * se[0]:1.3g} at the 95% confidence level')
------------------


[31m---------------------------------------------------------------------------[39m
[31mTypeError[39m                                 Traceback (most recent call last)
[36mCell[39m[36m [39m[32mIn[32][39m[32m, line 4[39m
[32m      1[39m [38;5;28;01mdef[39;00m[38;5;250m [39m[34msse[39m(a, b):
[32m      2[39m     [38;5;28;01mreturn[39;00m np.sum((y - func(x, a, b))**[32m2[39m)
[32m----> [39m[32m4[39m m, mint, se = [43mnlpredict[49m[43m([49m[43mx[49m[43m,[49m[43m [49m[43my[49m[43m,[49m[43m [49m[43mfunc[49m[43m,[49m[43m [49m[43msse[49m[43m,[49m[43m [49m[43mpars[49m[43m,[49m[43m [49m[43mxnew[49m[43m=[49m[32;43m5[39;49m[43m)[49m
[32m      5[39m [38;5;28mprint[39m([33mf[39m[33m'[39m[33mat x=5 the value is [39m[38;5;132;01m{[39;00mm[38;5;132;01m:[39;00m[33m1.3g[39m[38;5;132;01m}[39;00m[33m +[39m[38;5;130;01m\\[39;00m[33m- [39m[38;5;132;01m{[39;00m[32m2[39m[38;5;250m [39m*[38;5;250m [39mse[[32m0[39m][38;5;132;01m:[39;00m[33m1.3g[39m[38;5;132;01m}[39;00m[33m at the 95% confidence level[39m[33m'[39m)

[31mTypeError[39m: nlpredict() got multiple values for argument 'xnew'

